	Command being timed: "./demultiplexing.py -r1 /projects/bgmp/shared/2017_sequencing/1294_S1_L008_R1_001.fastq.gz -r2 /projects/bgmp/shared/2017_sequencing/1294_S1_L008_R2_001.fastq.gz -r3 /projects/bgmp/shared/2017_sequencing/1294_S1_L008_R3_001.fastq.gz -r4 /projects/bgmp/shared/2017_sequencing/1294_S1_L008_R4_001.fastq.gz -i /projects/bgmp/shared/2017_sequencing/indexes.txt"
	User time (seconds): 15104.35
	System time (seconds): 9657.51
	Percent of CPU this job got: 89%
	Elapsed (wall clock) time (h:mm:ss or m:ss): 7:39:35
	Average shared text size (kbytes): 0
	Average unshared data size (kbytes): 0
	Average stack size (kbytes): 0
	Average total size (kbytes): 0
	Maximum resident set size (kbytes): 33596
	Average resident set size (kbytes): 0
	Major (requiring I/O) page faults: 0
	Minor (reclaiming a frame) page faults: 268080
	Voluntary context switches: 6052047
	Involuntary context switches: 1724000
	Swaps: 0
	File system inputs: 0
	File system outputs: 0
	Socket messages sent: 0
	Socket messages received: 0
	Signals delivered: 0
	Page size (bytes): 4096
	Exit status: 0
